DEBUG:root:Square Root of 144 = 12.0
DEBUG:root:Factorial of 144 = 5550293832739304789551054660550388117999982337982762871343070903773209740507907044212761943998894132603029642967578724274573160149321818341878907651093495984407926316593053871805976798524658790357488383743402086236160000000000000000000000000000000000
DEBUG:root:Natural Log of 144 = 4.969813299576001
DEBUG:root:144 Raised to Power 3 = 12.0
DEBUG:root:Square Root of 49 = 7.0
DEBUG:root:Factorial of 49 = 608281864034267560872252163321295376887552831379210240000000000
DEBUG:root:Natural Log of 49 = 3.8918202981106265
DEBUG:root:49 Raised to Power 3 = 7.0
DEBUG:root:Square Root of 25 = 5.0
DEBUG:root:Factorial of 25 = 15511210043330985984000000
DEBUG:root:Natural Log of 25 = 3.2188758248682006
DEBUG:root:25 Raised to Power 3 = 5.0
2021-03-13 21:13:06,707:DEBUG:<module>:Square Root of 25 = 5.0
2021-03-13 21:13:06,707:DEBUG:<module>:Factorial of 25 = 15511210043330985984000000
2021-03-13 21:13:06,707:DEBUG:<module>:Natural Log of 25 = 3.2188758248682006
2021-03-13 21:13:06,707:DEBUG:<module>:25 Raised to Power 3 = 5.0
2021-03-13 21:13:47,010:DEBUG:Square Root of 25 = 5.0
2021-03-13 21:13:47,010:DEBUG:Factorial of 25 = 15511210043330985984000000
2021-03-13 21:13:47,010:DEBUG:Natural Log of 25 = 3.2188758248682006
2021-03-13 21:13:47,010:DEBUG:25 Raised to Power 3 = 5.0
2021-03-13 21:15:28,672:DEBUG:Square Root of 25 = 5.0
2021-03-13 21:15:28,672:DEBUG:Factorial of 25 = 15511210043330985984000000
2021-03-13 21:15:28,672:DEBUG:Natural Log of 25 = 3.2188758248682006
2021-03-13 21:15:28,672:DEBUG:25 Raised to Power 3 = 5.0
2021-03-13 21:23:10,905:DEBUG:Square Root of 144 = 12.0
2021-03-13 21:23:10,905:ERROR:Factorial of -4 = 5550293832739304789551054660550388117999982337982762871343070903773209740507907044212761943998894132603029642967578724274573160149321818341878907651093495984407926316593053871805976798524658790357488383743402086236160000000000000000000000000000000000
2021-03-13 21:23:10,905:DEBUG:Natural Log of 144 = 4.969813299576001
2021-03-13 21:23:10,905:DEBUG:3 Raised to Power 8 = 12.0
2021-03-13 21:29:02,227:DEBUG:Square Root of 144 = 12.0
2021-03-13 21:29:02,231:DEBUG:Natural Log of 144 = 4.969813299576001
2021-03-13 21:29:02,231:DEBUG:3 Raised to Power 8 = 12.0
2021-03-13 21:29:37,555:DEBUG:Square Root of 144 = 12.0
2021-03-13 21:29:37,555:ERROR:Exception Occured
Traceback (most recent call last):
  File "/home/kali/DevOps_Mini_Project/code/DevOps-Mini-Project/scientific_calculator.py", line 34, in <module>
    fact_result = factorial(num3)
  File "/home/kali/DevOps_Mini_Project/code/DevOps-Mini-Project/scientific_calculator.py", line 14, in factorial
    return m.factorial(x)
ValueError: factorial() not defined for negative values
2021-03-13 21:29:37,555:DEBUG:Natural Log of 144 = 4.969813299576001
2021-03-13 21:29:37,555:DEBUG:3 Raised to Power 8 = 12.0
